<?xml version="1.0" encoding="UTF-8"?>
<!-- Generated by org.testng.reporters.JUnitXMLReporter -->
<testsuite hostname="DESKTOP-V2CRMJS" name="Command line test" tests="8" failures="0" timestamp="22 Mar 2019 14:45:11 GMT" time="470.187" errors="0">
  <testcase name="testBrandTestCase8" time="85.984" classname="test.com.CostcoTNG"/>
  <testcase name="testCostcoGrocery7" time="93.023" classname="test.com.CostcoTNG"/>
  <testcase name="testCostcoLogin1" time="63.685" classname="test.com.CostcoTNG"/>
  <testcase name="testCostcoTest2" time="24.203" classname="test.com.CostcoTNG"/>
  <testcase name="testCostcoTest3" time="22.613" classname="test.com.CostcoTNG"/>
  <testcase name="testCostcoTest4" time="74.122" classname="test.com.CostcoTNG"/>
  <testcase name="testCostcoTest5" time="58.36" classname="test.com.CostcoTNG"/>
  <testcase name="testCostcoTest6" time="16.404" classname="test.com.CostcoTNG"/>
</testsuite> <!-- Command line test -->
